<?xml version="1.0" encoding="UTF-8"?>
<testng-results ignored="0" total="1" passed="1" failed="0" skipped="0">
  <reporter-output>
  </reporter-output>
  <suite started-at="2019-07-03T15:31:10Z" name="Banking" finished-at="2019-07-03T15:32:27Z" duration-ms="76962">
    <groups>
    </groups>
    <test started-at="2019-07-03T15:31:10Z" name="BankingApp Test" finished-at="2019-07-03T15:32:27Z" duration-ms="76962">
      <class name="com.inetbanking.testcases.TC_AddCustomerTest_003">
        <test-method is-config="true" signature="setUP(java.lang.String)[pri:0, instance:com.inetbanking.testcases.TC_AddCustomerTest_003@60704c]" started-at="2019-07-03T15:31:11Z" name="setUP" finished-at="2019-07-03T15:31:57Z" duration-ms="45606" status="PASS">
          <params>
            <param index="0">
              <value>
                <![CDATA[chrome]]>
              </value>
            </param>
          </params>
          <reporter-output>
          </reporter-output>
        </test-method> <!-- setUP -->
        <test-method signature="addNewCustomer()[pri:0, instance:com.inetbanking.testcases.TC_AddCustomerTest_003@60704c]" started-at="2019-07-03T15:31:57Z" name="addNewCustomer" finished-at="2019-07-03T15:32:25Z" duration-ms="28894" status="PASS">
          <reporter-output>
          </reporter-output>
        </test-method> <!-- addNewCustomer -->
        <test-method is-config="true" signature="tearDown()[pri:0, instance:com.inetbanking.testcases.TC_AddCustomerTest_003@60704c]" started-at="2019-07-03T15:32:26Z" name="tearDown" finished-at="2019-07-03T15:32:27Z" duration-ms="1016" status="PASS">
          <reporter-output>
          </reporter-output>
        </test-method> <!-- tearDown -->
      </class> <!-- com.inetbanking.testcases.TC_AddCustomerTest_003 -->
    </test> <!-- BankingApp Test -->
  </suite> <!-- Banking -->
</testng-results>
